[debug] > Exec(assembly, None, None)
[debug] Evaluating tasks: assembly
[debug] Running task... Cancel: Signal, check cycles: false, forcegc: true
[info] compiling 14 Scala sources to C:\Users\Pedro\Desktop\WorkSpace\Projetos\cthaeh-blog-api\target\scala-2.13\classes ...
[warn] C:\Users\Pedro\Desktop\WorkSpace\Projetos\cthaeh-blog-api\src\main\scala\api\routes\articles\Get.scala:12:16: Implicit definition should have explicit type (inferred org.json4s.DefaultFormats.type) [quickfixable]
[warn]   implicit val formats = org.json4s.DefaultFormats
[warn]                ^
[warn] C:\Users\Pedro\Desktop\WorkSpace\Projetos\cthaeh-blog-api\src\main\scala\database\Connection.scala:24:5: A try without a catch or finally is equivalent to putting its body in a block; no exceptions are handled.
[warn]     try {
[warn]     ^
[warn] C:\Users\Pedro\Desktop\WorkSpace\Projetos\cthaeh-blog-api\src\main\scala\database\Operations.scala:75:32: non-variable type argument String in type pattern java.util.ArrayList[String] is unchecked since it is eliminated by erasure
[warn]         case seqTag: java.util.ArrayList[String] => seqTag.asScala.toArray
[warn]                                ^
[warn] C:\Users\Pedro\Desktop\WorkSpace\Projetos\cthaeh-blog-api\src\main\scala\main.scala:14:16: Implicit definition should have explicit type (inferred org.json4s.DefaultFormats.type) [quickfixable]
[warn]   implicit val formats = org.json4s.DefaultFormats
[warn]                ^
[warn] C:\Users\Pedro\Desktop\WorkSpace\Projetos\cthaeh-blog-api\src\main\scala\api\models\Auth.scala:21:52: a pure expression does nothing in statement position
[warn]   @JsonSetter("_id") def setId(id: String): Unit = id
[warn]                                                    ^
[warn] C:\Users\Pedro\Desktop\WorkSpace\Projetos\cthaeh-blog-api\src\main\scala\api\models\Auth.scala:24:60: a pure expression does nothing in statement position
[warn]   @JsonSetter("_rev") def setRevision(rev: String): Unit = rev
[warn]                                                            ^
[warn] 3 deprecations (since 2.11.0)
[warn] 2 deprecations (since 2.13.0)
[warn] 5 deprecations in total; re-run with -deprecation for details
[warn] 9 warnings found
[info] done compiling
[error] 1 error(s) were encountered during the merge:
[error] java.lang.RuntimeException: 
[error] Deduplicate found different file contents in the following:
[error]   Jar name = jackson-core-2.16.1.jar, jar org = com.fasterxml.jackson.core, entry target = META-INF/versions/9/module-info.class
[error]   Jar name = jackson-databind-2.16.1.jar, jar org = com.fasterxml.jackson.core, entry target = META-INF/versions/9/module-info.class
[error]   Jar name = slf4j-api-2.0.7.jar, jar org = org.slf4j, entry target = META-INF/versions/9/module-info.class
[error] 	at sbtassembly.Assembly$.merge(Assembly.scala:628)
[error] 	at sbtassembly.Assembly$.$anonfun$assemble$36(Assembly.scala:330)
[error] 	at sbtassembly.Assembly$.timed$1(Assembly.scala:228)
[error] 	at sbtassembly.Assembly$.$anonfun$assemble$35(Assembly.scala:329)
[error] 	at sbtassembly.Assembly$.$anonfun$cachedAssembly$2(Assembly.scala:527)
[error] 	at sbt.util.Tracked$.$anonfun$lastOutput$1(Tracked.scala:74)
[error] 	at sbtassembly.Assembly$.cachedAssembly(Assembly.scala:531)
[error] 	at sbtassembly.Assembly$.assemble(Assembly.scala:414)
[error] 	at sbtassembly.Assembly$.$anonfun$assemblyTask$1(Assembly.scala:196)
[error] 	at scala.Function1.$anonfun$compose$1(Function1.scala:49)
[error] 	at sbt.internal.util.$tilde$greater.$anonfun$$u2219$1(TypeFunctions.scala:63)
[error] 	at sbt.std.Transform$$anon$4.work(Transform.scala:69)
[error] 	at sbt.Execute.$anonfun$submit$2(Execute.scala:283)
[error] 	at sbt.internal.util.ErrorHandling$.wideConvert(ErrorHandling.scala:24)
[error] 	at sbt.Execute.work(Execute.scala:292)
[error] 	at sbt.Execute.$anonfun$submit$1(Execute.scala:283)
[error] 	at sbt.ConcurrentRestrictions$$anon$4.$anonfun$submitValid$1(ConcurrentRestrictions.scala:265)
[error] 	at sbt.CompletionService$$anon$2.call(CompletionService.scala:65)
[error] 	at java.base/java.util.concurrent.FutureTask.run(FutureTask.java:264)
[error] 	at java.base/java.util.concurrent.Executors$RunnableAdapter.call(Executors.java:515)
[error] 	at java.base/java.util.concurrent.FutureTask.run(FutureTask.java:264)
[error] 	at java.base/java.util.concurrent.ThreadPoolExecutor.runWorker(ThreadPoolExecutor.java:1128)
[error] 	at java.base/java.util.concurrent.ThreadPoolExecutor$Worker.run(ThreadPoolExecutor.java:628)
[error] 	at java.base/java.lang.Thread.run(Thread.java:834)
[error] (assembly) 
[error] Deduplicate found different file contents in the following:
[error]   Jar name = jackson-core-2.16.1.jar, jar org = com.fasterxml.jackson.core, entry target = META-INF/versions/9/module-info.class
[error]   Jar name = jackson-databind-2.16.1.jar, jar org = com.fasterxml.jackson.core, entry target = META-INF/versions/9/module-info.class
[error]   Jar name = slf4j-api-2.0.7.jar, jar org = org.slf4j, entry target = META-INF/versions/9/module-info.class
[error] Total time: 27 s, completed 4 de jan de 2024 02:55:03
[debug] > Exec(idea-shell, None, None)
