[debug] > Exec(run, None, None)
[debug] Evaluating tasks: Compile / run
[debug] Running task... Cancel: Signal, check cycles: false, forcegc: true
[info] compiling 14 Scala sources to C:\Users\Pedro\Desktop\WorkSpace\Projetos\cthaeh-blog-api\target\scala-2.13\classes ...
[warn] C:\Users\Pedro\Desktop\WorkSpace\Projetos\cthaeh-blog-api\src\main\scala\api\routes\articles\Get.scala:12:16: Implicit definition should have explicit type (inferred org.json4s.DefaultFormats.type) [quickfixable]
[warn]   implicit val formats = org.json4s.DefaultFormats
[warn]                ^
[warn] C:\Users\Pedro\Desktop\WorkSpace\Projetos\cthaeh-blog-api\src\main\scala\database\Connection.scala:24:5: A try without a catch or finally is equivalent to putting its body in a block; no exceptions are handled.
[warn]     try {
[warn]     ^
[warn] C:\Users\Pedro\Desktop\WorkSpace\Projetos\cthaeh-blog-api\src\main\scala\database\Operations.scala:75:32: non-variable type argument String in type pattern java.util.ArrayList[String] is unchecked since it is eliminated by erasure
[warn]         case seqTag: java.util.ArrayList[String] => seqTag.asScala.toArray
[warn]                                ^
[warn] C:\Users\Pedro\Desktop\WorkSpace\Projetos\cthaeh-blog-api\src\main\scala\main.scala:13:16: Implicit definition should have explicit type (inferred org.json4s.DefaultFormats.type) [quickfixable]
[warn]   implicit val formats = org.json4s.DefaultFormats
[warn]                ^
[warn] C:\Users\Pedro\Desktop\WorkSpace\Projetos\cthaeh-blog-api\src\main\scala\api\models\Auth.scala:21:52: a pure expression does nothing in statement position
[warn]   @JsonSetter("_id") def setId(id: String): Unit = id
[warn]                                                    ^
[warn] C:\Users\Pedro\Desktop\WorkSpace\Projetos\cthaeh-blog-api\src\main\scala\api\models\Auth.scala:24:60: a pure expression does nothing in statement position
[warn]   @JsonSetter("_rev") def setRevision(rev: String): Unit = rev
[warn]                                                            ^
[warn] 3 deprecations (since 2.11.0)
[warn] 2 deprecations (since 2.13.0)
[warn] 5 deprecations in total; re-run with -deprecation for details
[warn] 9 warnings found
[info] done compiling
[warn] Canceling execution...
[error] Cancelled: run
[error] Cancelled: run
[error] Use 'last' for the full log.
[debug] > Exec(idea-shell, None, None)
